<?xml version="1.0" encoding="UTF-8"?>
<!-- Generated by org.testng.reporters.JUnitReportReporter -->
<testsuite hostname="INL-5CD2521298" failures="0" tests="4" name="com.practicetestautomation.tests.login.LoginTests" time="15.539" errors="0" timestamp="2025-01-26T16:21:23 GMT-06:00" skipped="0">
  <testcase classname="com.practicetestautomation.tests.login.LoginTests" name="testLoginFunctionality" time="4.985"/>
  <testcase classname="com.practicetestautomation.tests.login.LoginTests" name="negativeLoginTest" time="2.846"/>
  <testcase classname="com.practicetestautomation.tests.login.LoginTests" name="testLoginFunctionality" time="4.456"/>
  <testcase classname="com.practicetestautomation.tests.login.LoginTests" name="negativeLoginTest" time="3.252"/>
</testsuite> <!-- com.practicetestautomation.tests.login.LoginTests -->
